c:\users\choi\desktop\tutorial\build\examples\helloworld\app_helloworld.dir\debug\vc140.pdb
c:\users\choi\desktop\tutorial\build\examples\helloworld\app_helloworld.dir\debug\helloworld.obj
c:\users\choi\desktop\tutorial\build\examples\helloworld\cmakefiles\generate.stamp
c:\users\choi\desktop\tutorial\build\examples\helloworld\debug\app_helloworld.ilk
c:\users\choi\desktop\tutorial\build\examples\helloworld\debug\app_helloworld.exe
c:\users\choi\desktop\tutorial\build\examples\helloworld\debug\app_helloworld.pdb
c:\users\choi\desktop\tutorial\build\examples\helloworld\app_helloworld.dir\debug\bullet.res
c:\users\choi\desktop\tutorial\build\examples\helloworld\app_helloworld.dir\debug\app_helloworld.vcxprojresolveassemblyreference.cache
c:\users\choi\desktop\tutorial\build\examples\helloworld\app_helloworld.dir\debug\app_helloworld.tlog\cl.command.1.tlog
c:\users\choi\desktop\tutorial\build\examples\helloworld\app_helloworld.dir\debug\app_helloworld.tlog\cl.read.1.tlog
c:\users\choi\desktop\tutorial\build\examples\helloworld\app_helloworld.dir\debug\app_helloworld.tlog\cl.write.1.tlog
c:\users\choi\desktop\tutorial\build\examples\helloworld\app_helloworld.dir\debug\app_helloworld.tlog\custombuild.command.1.tlog
c:\users\choi\desktop\tutorial\build\examples\helloworld\app_helloworld.dir\debug\app_helloworld.tlog\custombuild.read.1.tlog
c:\users\choi\desktop\tutorial\build\examples\helloworld\app_helloworld.dir\debug\app_helloworld.tlog\custombuild.write.1.tlog
c:\users\choi\desktop\tutorial\build\examples\helloworld\app_helloworld.dir\debug\app_helloworld.tlog\link.command.1.tlog
c:\users\choi\desktop\tutorial\build\examples\helloworld\app_helloworld.dir\debug\app_helloworld.tlog\link.read.1.tlog
c:\users\choi\desktop\tutorial\build\examples\helloworld\app_helloworld.dir\debug\app_helloworld.tlog\link.write.1.tlog
c:\users\choi\desktop\tutorial\build\examples\helloworld\app_helloworld.dir\debug\app_helloworld.tlog\rc.command.1.tlog
c:\users\choi\desktop\tutorial\build\examples\helloworld\app_helloworld.dir\debug\app_helloworld.tlog\rc.read.1.tlog
c:\users\choi\desktop\tutorial\build\examples\helloworld\app_helloworld.dir\debug\app_helloworld.tlog\rc.write.1.tlog
