c:\users\choi\desktop\tutorial\build\extras\convexdecomposition\convexdecomposition.dir\debug\convexdecomposition.pdb
c:\users\choi\desktop\tutorial\build\extras\convexdecomposition\convexdecomposition.dir\debug\splitplane.obj
c:\users\choi\desktop\tutorial\build\extras\convexdecomposition\convexdecomposition.dir\debug\planetri.obj
c:\users\choi\desktop\tutorial\build\extras\convexdecomposition\convexdecomposition.dir\debug\float_math.obj
c:\users\choi\desktop\tutorial\build\extras\convexdecomposition\convexdecomposition.dir\debug\concavity.obj
c:\users\choi\desktop\tutorial\build\extras\convexdecomposition\convexdecomposition.dir\debug\convexdecomposition.obj
c:\users\choi\desktop\tutorial\build\extras\convexdecomposition\convexdecomposition.dir\debug\cd_hull.obj
c:\users\choi\desktop\tutorial\build\extras\convexdecomposition\convexdecomposition.dir\debug\bestfit.obj
c:\users\choi\desktop\tutorial\build\extras\convexdecomposition\convexdecomposition.dir\debug\vlookup.obj
c:\users\choi\desktop\tutorial\build\extras\convexdecomposition\convexdecomposition.dir\debug\raytri.obj
c:\users\choi\desktop\tutorial\build\extras\convexdecomposition\convexdecomposition.dir\debug\meshvolume.obj
c:\users\choi\desktop\tutorial\build\extras\convexdecomposition\convexdecomposition.dir\debug\fitsphere.obj
c:\users\choi\desktop\tutorial\build\extras\convexdecomposition\convexdecomposition.dir\debug\cd_wavefront.obj
c:\users\choi\desktop\tutorial\build\extras\convexdecomposition\convexdecomposition.dir\debug\convexbuilder.obj
c:\users\choi\desktop\tutorial\build\extras\convexdecomposition\convexdecomposition.dir\debug\bestfitobb.obj
c:\users\choi\desktop\tutorial\build\extras\convexdecomposition\cmakefiles\generate.stamp
c:\users\choi\desktop\tutorial\build\lib\debug\convexdecomposition_debug.lib
c:\users\choi\desktop\tutorial\build\extras\convexdecomposition\convexdecomposition.dir\debug\convexde.08f1e949.tlog\cl.command.1.tlog
c:\users\choi\desktop\tutorial\build\extras\convexdecomposition\convexdecomposition.dir\debug\convexde.08f1e949.tlog\cl.read.1.tlog
c:\users\choi\desktop\tutorial\build\extras\convexdecomposition\convexdecomposition.dir\debug\convexde.08f1e949.tlog\cl.write.1.tlog
c:\users\choi\desktop\tutorial\build\extras\convexdecomposition\convexdecomposition.dir\debug\convexde.08f1e949.tlog\custombuild.command.1.tlog
c:\users\choi\desktop\tutorial\build\extras\convexdecomposition\convexdecomposition.dir\debug\convexde.08f1e949.tlog\custombuild.read.1.tlog
c:\users\choi\desktop\tutorial\build\extras\convexdecomposition\convexdecomposition.dir\debug\convexde.08f1e949.tlog\custombuild.write.1.tlog
c:\users\choi\desktop\tutorial\build\extras\convexdecomposition\convexdecomposition.dir\debug\convexde.08f1e949.tlog\lib-link.read.1.tlog
c:\users\choi\desktop\tutorial\build\extras\convexdecomposition\convexdecomposition.dir\debug\convexde.08f1e949.tlog\lib-link.write.1.tlog
c:\users\choi\desktop\tutorial\build\extras\convexdecomposition\convexdecomposition.dir\debug\convexde.08f1e949.tlog\lib.command.1.tlog
