c:\users\choi\desktop\tutorial\build\extras\inversedynamics\bulletinversedynamicsutils.dir\debug\bulletinversedynamicsutils.pdb
c:\users\choi\desktop\tutorial\build\extras\inversedynamics\bulletinversedynamicsutils.dir\debug\user2internalindex.obj
c:\users\choi\desktop\tutorial\build\extras\inversedynamics\bulletinversedynamicsutils.dir\debug\multibodynamemap.obj
c:\users\choi\desktop\tutorial\build\extras\inversedynamics\bulletinversedynamicsutils.dir\debug\simpletreecreator.obj
c:\users\choi\desktop\tutorial\build\extras\inversedynamics\bulletinversedynamicsutils.dir\debug\randomtreecreator.obj
c:\users\choi\desktop\tutorial\build\extras\inversedynamics\bulletinversedynamicsutils.dir\debug\idrandomutil.obj
c:\users\choi\desktop\tutorial\build\extras\inversedynamics\bulletinversedynamicsutils.dir\debug\invdyn_bullet_comparison.obj
c:\users\choi\desktop\tutorial\build\extras\inversedynamics\bulletinversedynamicsutils.dir\debug\multibodytreedebuggraph.obj
c:\users\choi\desktop\tutorial\build\extras\inversedynamics\bulletinversedynamicsutils.dir\debug\dillcreator.obj
c:\users\choi\desktop\tutorial\build\extras\inversedynamics\bulletinversedynamicsutils.dir\debug\btmultibodytreecreator.obj
c:\users\choi\desktop\tutorial\build\extras\inversedynamics\bulletinversedynamicsutils.dir\debug\multibodytreecreator.obj
c:\users\choi\desktop\tutorial\build\extras\inversedynamics\bulletinversedynamicsutils.dir\debug\coilcreator.obj
c:\users\choi\desktop\tutorial\build\extras\inversedynamics\bulletinversedynamicsutils.dir\debug\clonetreecreator.obj
c:\users\choi\desktop\tutorial\build\extras\inversedynamics\cmakefiles\generate.stamp
c:\users\choi\desktop\tutorial\build\lib\debug\bulletinversedynamicsutils_debug.lib
c:\users\choi\desktop\tutorial\build\extras\inversedynamics\bulletinversedynamicsutils.dir\debug\bulletin.24ec55e1.tlog\cl.command.1.tlog
c:\users\choi\desktop\tutorial\build\extras\inversedynamics\bulletinversedynamicsutils.dir\debug\bulletin.24ec55e1.tlog\cl.read.1.tlog
c:\users\choi\desktop\tutorial\build\extras\inversedynamics\bulletinversedynamicsutils.dir\debug\bulletin.24ec55e1.tlog\cl.write.1.tlog
c:\users\choi\desktop\tutorial\build\extras\inversedynamics\bulletinversedynamicsutils.dir\debug\bulletin.24ec55e1.tlog\custombuild.command.1.tlog
c:\users\choi\desktop\tutorial\build\extras\inversedynamics\bulletinversedynamicsutils.dir\debug\bulletin.24ec55e1.tlog\custombuild.read.1.tlog
c:\users\choi\desktop\tutorial\build\extras\inversedynamics\bulletinversedynamicsutils.dir\debug\bulletin.24ec55e1.tlog\custombuild.write.1.tlog
c:\users\choi\desktop\tutorial\build\extras\inversedynamics\bulletinversedynamicsutils.dir\debug\bulletin.24ec55e1.tlog\lib-link.read.1.tlog
c:\users\choi\desktop\tutorial\build\extras\inversedynamics\bulletinversedynamicsutils.dir\debug\bulletin.24ec55e1.tlog\lib-link.write.1.tlog
c:\users\choi\desktop\tutorial\build\extras\inversedynamics\bulletinversedynamicsutils.dir\debug\bulletin.24ec55e1.tlog\lib.command.1.tlog
