c:\users\choi\desktop\tutorial\build\examples\examplebrowser\bulletexamplebrowserlib.dir\debug\bulletexamplebrowserlib.pdb
c:\users\choi\desktop\tutorial\build\examples\examplebrowser\bulletexamplebrowserlib.dir\debug\gwenuserinterface.obj
c:\users\choi\desktop\tutorial\build\examples\examplebrowser\bulletexamplebrowserlib.dir\debug\gwentexturewindow.obj
c:\users\choi\desktop\tutorial\build\examples\examplebrowser\bulletexamplebrowserlib.dir\debug\gwenprofilewindow.obj
c:\users\choi\desktop\tutorial\build\examples\examplebrowser\bulletexamplebrowserlib.dir\debug\gwenparameterinterface.obj
c:\users\choi\desktop\tutorial\build\examples\examplebrowser\bulletexamplebrowserlib.dir\debug\graphingtexture.obj
c:\users\choi\desktop\tutorial\build\examples\examplebrowser\bulletexamplebrowserlib.dir\debug\b3resourcepath.obj
c:\users\choi\desktop\tutorial\build\examples\examplebrowser\bulletexamplebrowserlib.dir\debug\b3clock.obj
c:\users\choi\desktop\tutorial\build\examples\examplebrowser\bulletexamplebrowserlib.dir\debug\collisionshape2trianglemesh.obj
c:\users\choi\desktop\tutorial\build\examples\examplebrowser\bulletexamplebrowserlib.dir\debug\gl_shapedrawer.obj
c:\users\choi\desktop\tutorial\build\examples\examplebrowser\bulletexamplebrowserlib.dir\debug\openglguihelper.obj
c:\users\choi\desktop\tutorial\build\examples\examplebrowser\bulletexamplebrowserlib.dir\debug\openglexamplebrowser.obj
c:\users\choi\desktop\tutorial\build\examples\examplebrowser\cmakefiles\generate.stamp
c:\users\choi\desktop\tutorial\build\lib\debug\bulletexamplebrowserlib_debug.lib
c:\users\choi\desktop\tutorial\build\examples\examplebrowser\bulletexamplebrowserlib.dir\debug\bulletex.6a153360.tlog\cl.command.1.tlog
c:\users\choi\desktop\tutorial\build\examples\examplebrowser\bulletexamplebrowserlib.dir\debug\bulletex.6a153360.tlog\cl.read.1.tlog
c:\users\choi\desktop\tutorial\build\examples\examplebrowser\bulletexamplebrowserlib.dir\debug\bulletex.6a153360.tlog\cl.write.1.tlog
c:\users\choi\desktop\tutorial\build\examples\examplebrowser\bulletexamplebrowserlib.dir\debug\bulletex.6a153360.tlog\custombuild.command.1.tlog
c:\users\choi\desktop\tutorial\build\examples\examplebrowser\bulletexamplebrowserlib.dir\debug\bulletex.6a153360.tlog\custombuild.read.1.tlog
c:\users\choi\desktop\tutorial\build\examples\examplebrowser\bulletexamplebrowserlib.dir\debug\bulletex.6a153360.tlog\custombuild.write.1.tlog
c:\users\choi\desktop\tutorial\build\examples\examplebrowser\bulletexamplebrowserlib.dir\debug\bulletex.6a153360.tlog\lib-link.read.1.tlog
c:\users\choi\desktop\tutorial\build\examples\examplebrowser\bulletexamplebrowserlib.dir\debug\bulletex.6a153360.tlog\lib-link.write.1.tlog
c:\users\choi\desktop\tutorial\build\examples\examplebrowser\bulletexamplebrowserlib.dir\debug\bulletex.6a153360.tlog\lib.command.1.tlog
