c:\users\choi\desktop\tutorial\build\examples\thirdpartylibs\bussik\bussik.dir\debug\bussik.pdb
c:\users\choi\desktop\tutorial\build\examples\thirdpartylibs\bussik\bussik.dir\debug\vectorrn.obj
c:\users\choi\desktop\tutorial\build\examples\thirdpartylibs\bussik\bussik.dir\debug\tree.obj
c:\users\choi\desktop\tutorial\build\examples\thirdpartylibs\bussik\bussik.dir\debug\node.obj
c:\users\choi\desktop\tutorial\build\examples\thirdpartylibs\bussik\bussik.dir\debug\misc.obj
c:\users\choi\desktop\tutorial\build\examples\thirdpartylibs\bussik\bussik.dir\debug\matrixrmn.obj
c:\users\choi\desktop\tutorial\build\examples\thirdpartylibs\bussik\bussik.dir\debug\linearr4.obj
c:\users\choi\desktop\tutorial\build\examples\thirdpartylibs\bussik\bussik.dir\debug\linearr3.obj
c:\users\choi\desktop\tutorial\build\examples\thirdpartylibs\bussik\bussik.dir\debug\linearr2.obj
c:\users\choi\desktop\tutorial\build\examples\thirdpartylibs\bussik\bussik.dir\debug\jacobian.obj
c:\users\choi\desktop\tutorial\build\examples\thirdpartylibs\bussik\cmakefiles\generate.stamp
c:\users\choi\desktop\tutorial\build\lib\debug\bussik_debug.lib
c:\users\choi\desktop\tutorial\build\examples\thirdpartylibs\bussik\bussik.dir\debug\bussik.tlog\cl.command.1.tlog
c:\users\choi\desktop\tutorial\build\examples\thirdpartylibs\bussik\bussik.dir\debug\bussik.tlog\cl.read.1.tlog
c:\users\choi\desktop\tutorial\build\examples\thirdpartylibs\bussik\bussik.dir\debug\bussik.tlog\cl.write.1.tlog
c:\users\choi\desktop\tutorial\build\examples\thirdpartylibs\bussik\bussik.dir\debug\bussik.tlog\custombuild.command.1.tlog
c:\users\choi\desktop\tutorial\build\examples\thirdpartylibs\bussik\bussik.dir\debug\bussik.tlog\custombuild.read.1.tlog
c:\users\choi\desktop\tutorial\build\examples\thirdpartylibs\bussik\bussik.dir\debug\bussik.tlog\custombuild.write.1.tlog
c:\users\choi\desktop\tutorial\build\examples\thirdpartylibs\bussik\bussik.dir\debug\bussik.tlog\lib-link.read.1.tlog
c:\users\choi\desktop\tutorial\build\examples\thirdpartylibs\bussik\bussik.dir\debug\bussik.tlog\lib-link.write.1.tlog
c:\users\choi\desktop\tutorial\build\examples\thirdpartylibs\bussik\bussik.dir\debug\bussik.tlog\lib.command.1.tlog
