c:\users\choi\desktop\tutorial\build\examples\basicdemo\app_basicexample.dir\debug\vc140.pdb
c:\users\choi\desktop\tutorial\build\examples\basicdemo\app_basicexample.dir\debug\main.obj
c:\users\choi\desktop\tutorial\build\examples\basicdemo\app_basicexample.dir\debug\basicexample.obj
c:\users\choi\desktop\tutorial\build\examples\basicdemo\cmakefiles\generate.stamp
c:\users\choi\desktop\tutorial\build\examples\basicdemo\debug\app_basicexample.ilk
c:\users\choi\desktop\tutorial\build\examples\basicdemo\debug\app_basicexample.exe
c:\users\choi\desktop\tutorial\build\examples\basicdemo\debug\app_basicexample.pdb
c:\users\choi\desktop\tutorial\build\examples\basicdemo\app_basicexample.dir\debug\bullet.res
c:\users\choi\desktop\tutorial\build\examples\basicdemo\app_basicexample.dir\debug\app_basicexample.vcxprojresolveassemblyreference.cache
c:\users\choi\desktop\tutorial\build\examples\basicdemo\app_basicexample.dir\debug\app_basicexample.tlog\cl.command.1.tlog
c:\users\choi\desktop\tutorial\build\examples\basicdemo\app_basicexample.dir\debug\app_basicexample.tlog\cl.read.1.tlog
c:\users\choi\desktop\tutorial\build\examples\basicdemo\app_basicexample.dir\debug\app_basicexample.tlog\cl.write.1.tlog
c:\users\choi\desktop\tutorial\build\examples\basicdemo\app_basicexample.dir\debug\app_basicexample.tlog\custombuild.command.1.tlog
c:\users\choi\desktop\tutorial\build\examples\basicdemo\app_basicexample.dir\debug\app_basicexample.tlog\custombuild.read.1.tlog
c:\users\choi\desktop\tutorial\build\examples\basicdemo\app_basicexample.dir\debug\app_basicexample.tlog\custombuild.write.1.tlog
c:\users\choi\desktop\tutorial\build\examples\basicdemo\app_basicexample.dir\debug\app_basicexample.tlog\link.command.1.tlog
c:\users\choi\desktop\tutorial\build\examples\basicdemo\app_basicexample.dir\debug\app_basicexample.tlog\link.read.1.tlog
c:\users\choi\desktop\tutorial\build\examples\basicdemo\app_basicexample.dir\debug\app_basicexample.tlog\link.write.1.tlog
c:\users\choi\desktop\tutorial\build\examples\basicdemo\app_basicexample.dir\debug\app_basicexample.tlog\rc.command.1.tlog
c:\users\choi\desktop\tutorial\build\examples\basicdemo\app_basicexample.dir\debug\app_basicexample.tlog\rc.read.1.tlog
c:\users\choi\desktop\tutorial\build\examples\basicdemo\app_basicexample.dir\debug\app_basicexample.tlog\rc.write.1.tlog
