c:\users\choi\desktop\tutorial\build\examples\basicdemo\appbasicexamplegui.dir\debug\vc140.pdb
c:\users\choi\desktop\tutorial\build\examples\basicdemo\appbasicexamplegui.dir\debug\b3clock.obj
c:\users\choi\desktop\tutorial\build\examples\basicdemo\appbasicexamplegui.dir\debug\collisionshape2trianglemesh.obj
c:\users\choi\desktop\tutorial\build\examples\basicdemo\appbasicexamplegui.dir\debug\gl_shapedrawer.obj
c:\users\choi\desktop\tutorial\build\examples\basicdemo\appbasicexamplegui.dir\debug\openglguihelper.obj
c:\users\choi\desktop\tutorial\build\examples\basicdemo\appbasicexamplegui.dir\debug\main_opengl_single_example.obj
c:\users\choi\desktop\tutorial\build\examples\basicdemo\appbasicexamplegui.dir\debug\basicexample.obj
c:\users\choi\desktop\tutorial\build\examples\basicdemo\cmakefiles\generate.stamp
c:\users\choi\desktop\tutorial\build\examples\basicdemo\debug\appbasicexamplegui.ilk
c:\users\choi\desktop\tutorial\build\examples\basicdemo\debug\appbasicexamplegui.exe
c:\users\choi\desktop\tutorial\build\examples\basicdemo\debug\appbasicexamplegui.pdb
c:\users\choi\desktop\tutorial\build\examples\basicdemo\appbasicexamplegui.dir\debug\bullet.res
c:\users\choi\desktop\tutorial\build\examples\basicdemo\appbasicexamplegui.dir\debug\appbasicexamplegui.vcxprojresolveassemblyreference.cache
c:\users\choi\desktop\tutorial\build\examples\basicdemo\appbasicexamplegui.dir\debug\appbasic.3e1d5957.tlog\cl.command.1.tlog
c:\users\choi\desktop\tutorial\build\examples\basicdemo\appbasicexamplegui.dir\debug\appbasic.3e1d5957.tlog\cl.read.1.tlog
c:\users\choi\desktop\tutorial\build\examples\basicdemo\appbasicexamplegui.dir\debug\appbasic.3e1d5957.tlog\cl.write.1.tlog
c:\users\choi\desktop\tutorial\build\examples\basicdemo\appbasicexamplegui.dir\debug\appbasic.3e1d5957.tlog\custombuild.command.1.tlog
c:\users\choi\desktop\tutorial\build\examples\basicdemo\appbasicexamplegui.dir\debug\appbasic.3e1d5957.tlog\custombuild.read.1.tlog
c:\users\choi\desktop\tutorial\build\examples\basicdemo\appbasicexamplegui.dir\debug\appbasic.3e1d5957.tlog\custombuild.write.1.tlog
c:\users\choi\desktop\tutorial\build\examples\basicdemo\appbasicexamplegui.dir\debug\appbasic.3e1d5957.tlog\link.command.1.tlog
c:\users\choi\desktop\tutorial\build\examples\basicdemo\appbasicexamplegui.dir\debug\appbasic.3e1d5957.tlog\link.read.1.tlog
c:\users\choi\desktop\tutorial\build\examples\basicdemo\appbasicexamplegui.dir\debug\appbasic.3e1d5957.tlog\link.write.1.tlog
c:\users\choi\desktop\tutorial\build\examples\basicdemo\appbasicexamplegui.dir\debug\appbasic.3e1d5957.tlog\rc.command.1.tlog
c:\users\choi\desktop\tutorial\build\examples\basicdemo\appbasicexamplegui.dir\debug\appbasic.3e1d5957.tlog\rc.read.1.tlog
c:\users\choi\desktop\tutorial\build\examples\basicdemo\appbasicexamplegui.dir\debug\appbasic.3e1d5957.tlog\rc.write.1.tlog
