c:\users\choi\desktop\tutorial\build\examples\examplebrowser\app_examplebrowser.dir\debug\vc140.pdb
c:\users\choi\desktop\tutorial\build\examples\examplebrowser\app_examplebrowser.dir\debug\physicsclientsharedmemory.obj
c:\users\choi\desktop\tutorial\build\examples\examplebrowser\app_examplebrowser.dir\debug\physicsserver.obj
c:\users\choi\desktop\tutorial\build\examples\examplebrowser\app_examplebrowser.dir\debug\iktrajectoryhelper.obj
c:\users\choi\desktop\tutorial\build\examples\examplebrowser\app_examplebrowser.dir\debug\tinyrenderervisualshapeconverter.obj
c:\users\choi\desktop\tutorial\build\examples\examplebrowser\app_examplebrowser.dir\debug\tinyrenderer.obj
c:\users\choi\desktop\tutorial\build\examples\examplebrowser\app_examplebrowser.dir\debug\our_gl.obj
c:\users\choi\desktop\tutorial\build\examples\examplebrowser\app_examplebrowser.dir\debug\tgaimage.obj
c:\users\choi\desktop\tutorial\build\examples\examplebrowser\app_examplebrowser.dir\debug\model.obj
c:\users\choi\desktop\tutorial\build\examples\examplebrowser\app_examplebrowser.dir\debug\geometry.obj
c:\users\choi\desktop\tutorial\build\examples\examplebrowser\app_examplebrowser.dir\debug\newtonscradle.obj
c:\users\choi\desktop\tutorial\build\examples\examplebrowser\app_examplebrowser.dir\debug\inclinedplane.obj
c:\users\choi\desktop\tutorial\build\examples\examplebrowser\app_examplebrowser.dir\debug\rigidbodyfromobj.obj
c:\users\choi\desktop\tutorial\build\examples\examplebrowser\app_examplebrowser.dir\debug\bridge.obj
c:\users\choi\desktop\tutorial\build\examples\examplebrowser\app_examplebrowser.dir\debug\chain.obj
c:\users\choi\desktop\tutorial\build\examples\examplebrowser\app_examplebrowser.dir\debug\simplecloth.obj
c:\users\choi\desktop\tutorial\build\examples\examplebrowser\app_examplebrowser.dir\debug\simplejoint.obj
c:\users\choi\desktop\tutorial\build\examples\examplebrowser\app_examplebrowser.dir\debug\multipleboxes.obj
c:\users\choi\desktop\tutorial\build\examples\examplebrowser\app_examplebrowser.dir\debug\simplebox.obj
c:\users\choi\desktop\tutorial\build\examples\examplebrowser\app_examplebrowser.dir\debug\exampleentries.obj
c:\users\choi\desktop\tutorial\build\examples\examplebrowser\app_examplebrowser.dir\debug\main.obj
c:\users\choi\desktop\tutorial\build\examples\examplebrowser\app_examplebrowser.dir\debug\dof6constrainttutorial.obj
c:\users\choi\desktop\tutorial\build\examples\examplebrowser\app_examplebrowser.dir\debug\tutorial.obj
c:\users\choi\desktop\tutorial\build\examples\examplebrowser\app_examplebrowser.dir\debug\forkliftdemo.obj
c:\users\choi\desktop\tutorial\build\examples\examplebrowser\app_examplebrowser.dir\debug\inversekinematicsexample.obj
c:\users\choi\desktop\tutorial\build\examples\examplebrowser\app_examplebrowser.dir\debug\inversedynamicsexample.obj
c:\users\choi\desktop\tutorial\build\examples\examplebrowser\app_examplebrowser.dir\debug\basicexample.obj
c:\users\choi\desktop\tutorial\build\examples\examplebrowser\app_examplebrowser.dir\debug\physicsservercommandprocessor.obj
c:\users\choi\desktop\tutorial\build\examples\examplebrowser\app_examplebrowser.dir\debug\physicsloopbackc_api.obj
c:\users\choi\desktop\tutorial\build\examples\examplebrowser\app_examplebrowser.dir\debug\physicsloopback.obj
c:\users\choi\desktop\tutorial\build\examples\examplebrowser\app_examplebrowser.dir\debug\sharedmemoryinprocessphysicsc_api.obj
c:\users\choi\desktop\tutorial\build\examples\examplebrowser\app_examplebrowser.dir\debug\physicsdirectc_api.obj
c:\users\choi\desktop\tutorial\build\examples\examplebrowser\app_examplebrowser.dir\debug\physicsdirect.obj
c:\users\choi\desktop\tutorial\build\examples\examplebrowser\app_examplebrowser.dir\debug\physicsserversharedmemory.obj
c:\users\choi\desktop\tutorial\build\examples\examplebrowser\app_examplebrowser.dir\debug\inprocessmemory.obj
c:\users\choi\desktop\tutorial\build\examples\examplebrowser\app_examplebrowser.dir\debug\win32sharedmemory.obj
c:\users\choi\desktop\tutorial\build\examples\examplebrowser\app_examplebrowser.dir\debug\posixsharedmemory.obj
c:\users\choi\desktop\tutorial\build\examples\examplebrowser\app_examplebrowser.dir\debug\physicsclientexample.obj
c:\users\choi\desktop\tutorial\build\examples\examplebrowser\app_examplebrowser.dir\debug\physicsserverexample.obj
c:\users\choi\desktop\tutorial\build\examples\examplebrowser\app_examplebrowser.dir\debug\physicsclientc_api.obj
c:\users\choi\desktop\tutorial\build\examples\examplebrowser\app_examplebrowser.dir\debug\physicsclient.obj
c:\users\choi\desktop\tutorial\build\examples\examplebrowser\app_examplebrowser.dir\debug\timeseriesfontdata.obj
c:\users\choi\desktop\tutorial\build\examples\examplebrowser\app_examplebrowser.dir\debug\timeseriescanvas.obj
c:\users\choi\desktop\tutorial\build\examples\examplebrowser\app_examplebrowser.dir\debug\tinyrenderersetup.obj
c:\users\choi\desktop\tutorial\build\examples\examplebrowser\app_examplebrowser.dir\debug\b3threadsupportinterface.obj
c:\users\choi\desktop\tutorial\build\examples\examplebrowser\app_examplebrowser.dir\debug\b3win32threadsupport.obj
c:\users\choi\desktop\tutorial\build\examples\examplebrowser\app_examplebrowser.dir\debug\b3posixthreadsupport.obj
c:\users\choi\desktop\tutorial\build\examples\examplebrowser\app_examplebrowser.dir\debug\multithreadingexample.obj
c:\users\choi\desktop\tutorial\build\examples\examplebrowser\app_examplebrowser.dir\debug\motordemo.obj
c:\users\choi\desktop\tutorial\build\examples\examplebrowser\app_examplebrowser.dir\debug\btfracturedynamicsworld.obj
c:\users\choi\desktop\tutorial\build\examples\examplebrowser\app_examplebrowser.dir\debug\btfracturebody.obj
c:\users\choi\desktop\tutorial\build\examples\examplebrowser\app_examplebrowser.dir\debug\fracturedemo.obj
c:\users\choi\desktop\tutorial\build\examples\examplebrowser\app_examplebrowser.dir\debug\rollingfrictiondemo.obj
c:\users\choi\desktop\tutorial\build\examples\examplebrowser\app_examplebrowser.dir\debug\planar2d.obj
c:\users\choi\desktop\tutorial\build\examples\examplebrowser\app_examplebrowser.dir\debug\gyroscopicsetup.obj
c:\users\choi\desktop\tutorial\build\examples\examplebrowser\app_examplebrowser.dir\debug\realtimebullet3collisionsdk.obj
c:\users\choi\desktop\tutorial\build\examples\examplebrowser\app_examplebrowser.dir\debug\bullet2collisionsdk.obj
c:\users\choi\desktop\tutorial\build\examples\examplebrowser\app_examplebrowser.dir\debug\collisiontutorialbullet2.obj
c:\users\choi\desktop\tutorial\build\examples\examplebrowser\app_examplebrowser.dir\debug\collisionsdkc_api.obj
c:\users\choi\desktop\tutorial\build\examples\examplebrowser\app_examplebrowser.dir\debug\multipendulum.obj
c:\users\choi\desktop\tutorial\build\examples\examplebrowser\app_examplebrowser.dir\debug\newtonsropecradle.obj
c:\users\choi\desktop\tutorial\build\examples\examplebrowser\app_examplebrowser.dir\debug\btbulletfile.obj
c:\users\choi\desktop\tutorial\build\examples\examplebrowser\app_examplebrowser.dir\debug\bdna.obj
c:\users\choi\desktop\tutorial\build\examples\examplebrowser\app_examplebrowser.dir\debug\bfile.obj
c:\users\choi\desktop\tutorial\build\examples\examplebrowser\app_examplebrowser.dir\debug\bchunk.obj
c:\users\choi\desktop\tutorial\build\examples\examplebrowser\app_examplebrowser.dir\debug\btbulletworldimporter.obj
c:\users\choi\desktop\tutorial\build\examples\examplebrowser\app_examplebrowser.dir\debug\btworldimporter.obj
c:\users\choi\desktop\tutorial\build\examples\examplebrowser\app_examplebrowser.dir\debug\b3importmeshutility.obj
c:\users\choi\desktop\tutorial\build\examples\examplebrowser\app_examplebrowser.dir\debug\serializesetup.obj
c:\users\choi\desktop\tutorial\build\examples\examplebrowser\app_examplebrowser.dir\debug\raytestdemo.obj
c:\users\choi\desktop\tutorial\build\examples\examplebrowser\app_examplebrowser.dir\debug\benchmarkdemo.obj
c:\users\choi\desktop\tutorial\build\examples\examplebrowser\app_examplebrowser.dir\debug\timeseriesexample.obj
c:\users\choi\desktop\tutorial\build\examples\examplebrowser\app_examplebrowser.dir\debug\renderinstancingdemo.obj
c:\users\choi\desktop\tutorial\build\examples\examplebrowser\app_examplebrowser.dir\debug\raytracersetup.obj
c:\users\choi\desktop\tutorial\build\examples\examplebrowser\app_examplebrowser.dir\debug\coordinatesystemdemo.obj
c:\users\choi\desktop\tutorial\build\examples\examplebrowser\app_examplebrowser.dir\debug\kukagraspexample.obj
c:\users\choi\desktop\tutorial\build\examples\examplebrowser\app_examplebrowser.dir\debug\r2d2graspexample.obj
c:\users\choi\desktop\tutorial\build\examples\examplebrowser\app_examplebrowser.dir\debug\b3robotsimapi.obj
c:\users\choi\desktop\tutorial\build\examples\examplebrowser\app_examplebrowser.dir\debug\grippergraspexample.obj
c:\users\choi\desktop\tutorial\build\examples\examplebrowser\app_examplebrowser.dir\debug\tinyvrgui.obj
c:\users\choi\desktop\tutorial\build\examples\examplebrowser\app_examplebrowser.dir\debug\dynamictexturedcubedemo.obj
c:\users\choi\desktop\tutorial\build\examples\examplebrowser\app_examplebrowser.dir\debug\pendulum.obj
c:\users\choi\desktop\tutorial\build\examples\examplebrowser\app_examplebrowser.dir\debug\hinge2vehicle.obj
c:\users\choi\desktop\tutorial\build\examples\examplebrowser\app_examplebrowser.dir\debug\btconvexconvexmpralgorithm.obj
c:\users\choi\desktop\tutorial\build\examples\examplebrowser\app_examplebrowser.dir\debug\voronoifracturedemo.obj
c:\users\choi\desktop\tutorial\build\examples\examplebrowser\app_examplebrowser.dir\debug\bulleturdfimporter.obj
c:\users\choi\desktop\tutorial\build\examples\examplebrowser\app_examplebrowser.dir\debug\urdfstringsplit.obj
c:\users\choi\desktop\tutorial\build\examples\examplebrowser\app_examplebrowser.dir\debug\urdfparser.obj
c:\users\choi\desktop\tutorial\build\examples\examplebrowser\app_examplebrowser.dir\debug\mymultibodycreator.obj
c:\users\choi\desktop\tutorial\build\examples\examplebrowser\app_examplebrowser.dir\debug\urdf2bullet.obj
c:\users\choi\desktop\tutorial\build\examples\examplebrowser\app_examplebrowser.dir\debug\importurdfsetup.obj
c:\users\choi\desktop\tutorial\build\examples\examplebrowser\app_examplebrowser.dir\debug\importsdfsetup.obj
c:\users\choi\desktop\tutorial\build\examples\examplebrowser\app_examplebrowser.dir\debug\importstlsetup.obj
c:\users\choi\desktop\tutorial\build\examples\examplebrowser\app_examplebrowser.dir\debug\wavefront2glinstancegraphicsshape.obj
c:\users\choi\desktop\tutorial\build\examples\examplebrowser\app_examplebrowser.dir\debug\loadmeshfromobj.obj
c:\users\choi\desktop\tutorial\build\examples\examplebrowser\app_examplebrowser.dir\debug\importobjexample.obj
c:\users\choi\desktop\tutorial\build\examples\examplebrowser\app_examplebrowser.dir\debug\loadmeshfromcollada.obj
c:\users\choi\desktop\tutorial\build\examples\examplebrowser\app_examplebrowser.dir\debug\importcolladasetup.obj
c:\users\choi\desktop\tutorial\build\examples\examplebrowser\app_examplebrowser.dir\debug\importbspexample.obj
c:\users\choi\desktop\tutorial\build\examples\examplebrowser\app_examplebrowser.dir\debug\bsploader.obj
c:\users\choi\desktop\tutorial\build\examples\examplebrowser\app_examplebrowser.dir\debug\bspconverter.obj
c:\users\choi\desktop\tutorial\build\examples\examplebrowser\app_examplebrowser.dir\debug\inprocessexamplebrowser.obj
c:\users\choi\desktop\tutorial\build\examples\examplebrowser\app_examplebrowser.dir\debug\tinyxmlparser.obj
c:\users\choi\desktop\tutorial\build\examples\examplebrowser\app_examplebrowser.dir\debug\tinyxmlerror.obj
c:\users\choi\desktop\tutorial\build\examples\examplebrowser\app_examplebrowser.dir\debug\tinyxml.obj
c:\users\choi\desktop\tutorial\build\examples\examplebrowser\app_examplebrowser.dir\debug\tinystr.obj
c:\users\choi\desktop\tutorial\build\examples\examplebrowser\app_examplebrowser.dir\debug\tiny_obj_loader.obj
c:\users\choi\desktop\tutorial\build\examples\examplebrowser\app_examplebrowser.dir\debug\stb_image.obj
c:\users\choi\desktop\tutorial\build\examples\examplebrowser\app_examplebrowser.dir\debug\constraintphysicssetup.obj
c:\users\choi\desktop\tutorial\build\examples\examplebrowser\app_examplebrowser.dir\debug\dof6spring2setup.obj
c:\users\choi\desktop\tutorial\build\examples\examplebrowser\app_examplebrowser.dir\debug\constraintdemo.obj
c:\users\choi\desktop\tutorial\build\examples\examplebrowser\app_examplebrowser.dir\debug\testhingetorque.obj
c:\users\choi\desktop\tutorial\build\examples\examplebrowser\app_examplebrowser.dir\debug\rigidbodysoftcontact.obj
c:\users\choi\desktop\tutorial\build\examples\examplebrowser\app_examplebrowser.dir\debug\multidofdemo.obj
c:\users\choi\desktop\tutorial\build\examples\examplebrowser\app_examplebrowser.dir\debug\multibodyconstraintfeedback.obj
c:\users\choi\desktop\tutorial\build\examples\examplebrowser\app_examplebrowser.dir\debug\invertedpendulumpdcontrol.obj
c:\users\choi\desktop\tutorial\build\examples\examplebrowser\app_examplebrowser.dir\debug\testjointtorquesetup.obj
c:\users\choi\desktop\tutorial\build\examples\examplebrowser\app_examplebrowser.dir\debug\multibodysoftcontact.obj
c:\users\choi\desktop\tutorial\build\examples\examplebrowser\cmakefiles\generate.stamp
c:\users\choi\desktop\tutorial\build\examples\examplebrowser\debug\app_examplebrowser.ilk
c:\users\choi\desktop\tutorial\build\examples\examplebrowser\debug\app_examplebrowser.exe
c:\users\choi\desktop\tutorial\build\examples\examplebrowser\debug\app_examplebrowser.pdb
c:\users\choi\desktop\tutorial\build\examples\examplebrowser\app_examplebrowser.dir\debug\bullet.res
c:\users\choi\desktop\tutorial\build\examples\examplebrowser\app_examplebrowser.dir\debug\app_examplebrowser.vcxprojresolveassemblyreference.cache
c:\users\choi\desktop\tutorial\build\examples\examplebrowser\app_examplebrowser.dir\debug\app_exam.ca46434f.tlog\cl.command.1.tlog
c:\users\choi\desktop\tutorial\build\examples\examplebrowser\app_examplebrowser.dir\debug\app_exam.ca46434f.tlog\cl.read.1.tlog
c:\users\choi\desktop\tutorial\build\examples\examplebrowser\app_examplebrowser.dir\debug\app_exam.ca46434f.tlog\cl.write.1.tlog
c:\users\choi\desktop\tutorial\build\examples\examplebrowser\app_examplebrowser.dir\debug\app_exam.ca46434f.tlog\custombuild.command.1.tlog
c:\users\choi\desktop\tutorial\build\examples\examplebrowser\app_examplebrowser.dir\debug\app_exam.ca46434f.tlog\custombuild.read.1.tlog
c:\users\choi\desktop\tutorial\build\examples\examplebrowser\app_examplebrowser.dir\debug\app_exam.ca46434f.tlog\custombuild.write.1.tlog
c:\users\choi\desktop\tutorial\build\examples\examplebrowser\app_examplebrowser.dir\debug\app_exam.ca46434f.tlog\link-cvtres.read.1.tlog
c:\users\choi\desktop\tutorial\build\examples\examplebrowser\app_examplebrowser.dir\debug\app_exam.ca46434f.tlog\link-cvtres.write.1.tlog
c:\users\choi\desktop\tutorial\build\examples\examplebrowser\app_examplebrowser.dir\debug\app_exam.ca46434f.tlog\link-rc.read.1.tlog
c:\users\choi\desktop\tutorial\build\examples\examplebrowser\app_examplebrowser.dir\debug\app_exam.ca46434f.tlog\link-rc.write.1.tlog
c:\users\choi\desktop\tutorial\build\examples\examplebrowser\app_examplebrowser.dir\debug\app_exam.ca46434f.tlog\link.27504-cvtres.read.1.tlog
c:\users\choi\desktop\tutorial\build\examples\examplebrowser\app_examplebrowser.dir\debug\app_exam.ca46434f.tlog\link.27504-cvtres.write.1.tlog
c:\users\choi\desktop\tutorial\build\examples\examplebrowser\app_examplebrowser.dir\debug\app_exam.ca46434f.tlog\link.27504-rc.read.1.tlog
c:\users\choi\desktop\tutorial\build\examples\examplebrowser\app_examplebrowser.dir\debug\app_exam.ca46434f.tlog\link.27504-rc.write.1.tlog
c:\users\choi\desktop\tutorial\build\examples\examplebrowser\app_examplebrowser.dir\debug\app_exam.ca46434f.tlog\link.27504.read.1.tlog
c:\users\choi\desktop\tutorial\build\examples\examplebrowser\app_examplebrowser.dir\debug\app_exam.ca46434f.tlog\link.27504.write.1.tlog
c:\users\choi\desktop\tutorial\build\examples\examplebrowser\app_examplebrowser.dir\debug\app_exam.ca46434f.tlog\link.command.1.tlog
c:\users\choi\desktop\tutorial\build\examples\examplebrowser\app_examplebrowser.dir\debug\app_exam.ca46434f.tlog\link.read.1.tlog
c:\users\choi\desktop\tutorial\build\examples\examplebrowser\app_examplebrowser.dir\debug\app_exam.ca46434f.tlog\link.write.1.tlog
c:\users\choi\desktop\tutorial\build\examples\examplebrowser\app_examplebrowser.dir\debug\app_exam.ca46434f.tlog\rc.command.1.tlog
c:\users\choi\desktop\tutorial\build\examples\examplebrowser\app_examplebrowser.dir\debug\app_exam.ca46434f.tlog\rc.read.1.tlog
c:\users\choi\desktop\tutorial\build\examples\examplebrowser\app_examplebrowser.dir\debug\app_exam.ca46434f.tlog\rc.write.1.tlog
